set -o pipefail; /usr/bin/mariadb-dump --user=_5c1ca87b0f2ed585 --host=127.0.0.1 --port=3306 --password=********** --single-transaction --quick --lock-tables=false _5c1ca87b0f2ed585 | /usr/bin/gzip >> ./library.localhost/private/backups/20250829_173004-library_localhost-database.sql.gz

Backup Summary for library.localhost at 2025-08-29 17:30:06.253676
Config  : /home/ubuntuadmin/frappe-home/sites/library.localhost/private/backups/20250829_173004-library_localhost-site_config_backup.json 127.0B
Database: /home/ubuntuadmin/frappe-home/sites/library.localhost/private/backups/20250829_173004-library_localhost-database.sql.gz 228.3KiB
Backup for Site library.localhost has been successfully completed
set -o pipefail; /usr/bin/mariadb-dump --user=_5c1ca87b0f2ed585 --host=127.0.0.1 --port=3306 --password=********** --single-transaction --quick --lock-tables=false _5c1ca87b0f2ed585 | /usr/bin/gzip >> ./library.localhost/private/backups/20250901_233005-library_localhost-database.sql.gz

Backup Summary for library.localhost at 2025-09-01 23:30:06.117619
Config  : /home/ubuntuadmin/frappe-home/sites/library.localhost/private/backups/20250901_233005-library_localhost-site_config_backup.json 127.0B
Database: /home/ubuntuadmin/frappe-home/sites/library.localhost/private/backups/20250901_233005-library_localhost-database.sql.gz 228.3KiB
Backup for Site library.localhost has been successfully completed
set -o pipefail; /usr/bin/mariadb-dump --user=_5c1ca87b0f2ed585 --host=127.0.0.1 --port=3306 --password=********** --single-transaction --quick --lock-tables=false _5c1ca87b0f2ed585 | /usr/bin/gzip >> ./library.localhost/private/backups/20250902_173001-library_localhost-database.sql.gz

Backup Summary for library.localhost at 2025-09-02 17:30:11.190886
Config  : /home/ubuntuadmin/frappe-home/sites/library.localhost/private/backups/20250902_173001-library_localhost-site_config_backup.json 149.0B
Database: /home/ubuntuadmin/frappe-home/sites/library.localhost/private/backups/20250902_173001-library_localhost-database.sql.gz 229.1KiB
Backup for Site library.localhost has been successfully completed
File ./mysite.localhost/private/backups/20250902_170414-mysite_localhost-database.sql.gz is recent
File ./mysite.localhost/private/backups/20250902_172447-mysite_localhost-site_config_backup.json is recent
File ./mysite.localhost/private/backups/20250902_170444-mysite_localhost-site_config_backup.json is recent
File ./mysite.localhost/private/backups/20250902_172447-mysite_localhost-database.sql.gz is recent
File ./mysite.localhost/private/backups/20250902_170633-mysite_localhost-site_config_backup.json is recent
File ./mysite.localhost/private/backups/20250902_170952-mysite_localhost-site_config_backup.json is recent
File ./mysite.localhost/private/backups/20250902_170414-mysite_localhost-site_config_backup.json is recent
File ./mysite.localhost/private/backups/20250902_170952-mysite_localhost-database.sql.gz is recent
File ./mysite.localhost/private/backups/20250902_170444-mysite_localhost-database.sql.gz is recent
File ./mysite.localhost/private/backups/20250902_170633-mysite_localhost-database.sql.gz is recent
set -o pipefail; /usr/bin/mariadb-dump --user=_031256015f2c3ff7 --host=127.0.0.1 --port=3306 --password=********** --single-transaction --quick --lock-tables=false _031256015f2c3ff7 | /usr/bin/gzip >> ./mysite.localhost/private/backups/20250902_173011-mysite_localhost-database.sql.gz

Backup Summary for mysite.localhost at 2025-09-02 17:30:13.783247
Config  : /home/ubuntuadmin/frappe-home/sites/mysite.localhost/private/backups/20250902_173011-mysite_localhost-site_config_backup.json 149.0B
Database: /home/ubuntuadmin/frappe-home/sites/mysite.localhost/private/backups/20250902_173011-mysite_localhost-database.sql.gz 1.3MiB
Backup for Site mysite.localhost has been successfully completed
set -o pipefail; /usr/bin/mariadb-dump --user=_5c1ca87b0f2ed585 --host=127.0.0.1 --port=3306 --password=********** --single-transaction --quick --lock-tables=false _5c1ca87b0f2ed585 | /usr/bin/gzip >> ./library.localhost/private/backups/20250903_173006-library_localhost-database.sql.gz

Backup Summary for library.localhost at 2025-09-03 17:30:09.246532
Config  : /home/ubuntuadmin/frappe-home/sites/library.localhost/private/backups/20250903_173006-library_localhost-site_config_backup.json 149.0B
Database: /home/ubuntuadmin/frappe-home/sites/library.localhost/private/backups/20250903_173006-library_localhost-database.sql.gz 231.3KiB
Backup for Site library.localhost has been successfully completed
File ./mysite.localhost/private/backups/20250902_172447-mysite_localhost-site_config_backup.json is older than 24 hours
File ./mysite.localhost/private/backups/20250902_173011-mysite_localhost-site_config_backup.json is recent
File ./mysite.localhost/private/backups/20250902_172447-mysite_localhost-database.sql.gz is older than 24 hours
File ./mysite.localhost/private/backups/20250902_170952-mysite_localhost-site_config_backup.json is older than 24 hours
File ./mysite.localhost/private/backups/20250902_170952-mysite_localhost-database.sql.gz is older than 24 hours
File ./mysite.localhost/private/backups/20250902_173011-mysite_localhost-database.sql.gz is recent
set -o pipefail; /usr/bin/mariadb-dump --user=_031256015f2c3ff7 --host=127.0.0.1 --port=3306 --password=********** --single-transaction --quick --lock-tables=false _031256015f2c3ff7 | /usr/bin/gzip >> ./mysite.localhost/private/backups/20250903_173009-mysite_localhost-database.sql.gz

Backup Summary for mysite.localhost at 2025-09-03 17:30:12.544020
Config  : /home/ubuntuadmin/frappe-home/sites/mysite.localhost/private/backups/20250903_173009-mysite_localhost-site_config_backup.json 149.0B
Database: /home/ubuntuadmin/frappe-home/sites/mysite.localhost/private/backups/20250903_173009-mysite_localhost-database.sql.gz 1.7MiB
Backup for Site mysite.localhost has been successfully completed
set -o pipefail; /usr/bin/mariadb-dump --user=_5c1ca87b0f2ed585 --host=127.0.0.1 --port=3306 --password=********** --single-transaction --quick --lock-tables=false _5c1ca87b0f2ed585 | /usr/bin/gzip >> ./library.localhost/private/backups/20250904_173004-library_localhost-database.sql.gz

Backup Summary for library.localhost at 2025-09-04 17:30:07.688544
Config  : /home/ubuntuadmin/frappe-home/sites/library.localhost/private/backups/20250904_173004-library_localhost-site_config_backup.json 149.0B
Database: /home/ubuntuadmin/frappe-home/sites/library.localhost/private/backups/20250904_173004-library_localhost-database.sql.gz 232.4KiB
Backup for Site library.localhost has been successfully completed
File ./mysite.localhost/private/backups/20250902_173011-mysite_localhost-site_config_backup.json is older than 24 hours
File ./mysite.localhost/private/backups/20250903_173009-mysite_localhost-site_config_backup.json is recent
File ./mysite.localhost/private/backups/20250902_173011-mysite_localhost-database.sql.gz is older than 24 hours
File ./mysite.localhost/private/backups/20250903_173009-mysite_localhost-database.sql.gz is recent
set -o pipefail; /usr/bin/mariadb-dump --user=_031256015f2c3ff7 --host=127.0.0.1 --port=3306 --password=********** --single-transaction --quick --lock-tables=false _031256015f2c3ff7 | /usr/bin/gzip >> ./mysite.localhost/private/backups/20250904_173007-mysite_localhost-database.sql.gz

Backup Summary for mysite.localhost at 2025-09-04 17:30:17.586573
Config  : /home/ubuntuadmin/frappe-home/sites/mysite.localhost/private/backups/20250904_173007-mysite_localhost-site_config_backup.json 149.0B
Database: /home/ubuntuadmin/frappe-home/sites/mysite.localhost/private/backups/20250904_173007-mysite_localhost-database.sql.gz 1.7MiB
Backup for Site mysite.localhost has been successfully completed
set -o pipefail; /usr/bin/mariadb-dump --user=_5c1ca87b0f2ed585 --host=127.0.0.1 --port=3306 --password=********** --single-transaction --quick --lock-tables=false _5c1ca87b0f2ed585 | /usr/bin/gzip >> ./library.localhost/private/backups/20250904_233005-library_localhost-database.sql.gz

Backup Summary for library.localhost at 2025-09-04 23:30:06.264896
Config  : /home/ubuntuadmin/frappe-home/sites/library.localhost/private/backups/20250904_233005-library_localhost-site_config_backup.json 149.0B
Database: /home/ubuntuadmin/frappe-home/sites/library.localhost/private/backups/20250904_233005-library_localhost-database.sql.gz 233.4KiB
Backup for Site library.localhost has been successfully completed
File ./mysite.localhost/private/backups/20250904_173007-mysite_localhost-site_config_backup.json is recent
File ./mysite.localhost/private/backups/20250904_173007-mysite_localhost-database.sql.gz is recent
File ./mysite.localhost/private/backups/20250903_173009-mysite_localhost-site_config_backup.json is older than 24 hours
File ./mysite.localhost/private/backups/20250903_173009-mysite_localhost-database.sql.gz is older than 24 hours
set -o pipefail; /usr/bin/mariadb-dump --user=_031256015f2c3ff7 --host=127.0.0.1 --port=3306 --password=********** --single-transaction --quick --lock-tables=false _031256015f2c3ff7 | /usr/bin/gzip >> ./mysite.localhost/private/backups/20250904_233006-mysite_localhost-database.sql.gz

Backup Summary for mysite.localhost at 2025-09-04 23:30:11.352371
Config  : /home/ubuntuadmin/frappe-home/sites/mysite.localhost/private/backups/20250904_233006-mysite_localhost-site_config_backup.json 149.0B
Database: /home/ubuntuadmin/frappe-home/sites/mysite.localhost/private/backups/20250904_233006-mysite_localhost-database.sql.gz 1.7MiB
Backup for Site mysite.localhost has been successfully completed
set -o pipefail; /usr/bin/mariadb-dump --user=_5c1ca87b0f2ed585 --host=127.0.0.1 --port=3306 --password=********** --single-transaction --quick --lock-tables=false _5c1ca87b0f2ed585 | /usr/bin/gzip >> ./library.localhost/private/backups/20250905_173002-library_localhost-database.sql.gz

Backup Summary for library.localhost at 2025-09-05 17:30:07.011861
Config  : /home/ubuntuadmin/frappe-home/sites/library.localhost/private/backups/20250905_173002-library_localhost-site_config_backup.json 149.0B
Database: /home/ubuntuadmin/frappe-home/sites/library.localhost/private/backups/20250905_173002-library_localhost-database.sql.gz 234.4KiB
Backup for Site library.localhost has been successfully completed
File ./mysite.localhost/private/backups/20250904_173007-mysite_localhost-site_config_backup.json is recent
File ./mysite.localhost/private/backups/20250904_173007-mysite_localhost-database.sql.gz is recent
File ./mysite.localhost/private/backups/20250904_233006-mysite_localhost-site_config_backup.json is recent
File ./mysite.localhost/private/backups/20250904_233006-mysite_localhost-database.sql.gz is recent
set -o pipefail; /usr/bin/mariadb-dump --user=_031256015f2c3ff7 --host=127.0.0.1 --port=3306 --password=********** --single-transaction --quick --lock-tables=false _031256015f2c3ff7 | /usr/bin/gzip >> ./mysite.localhost/private/backups/20250905_173007-mysite_localhost-database.sql.gz

Backup Summary for mysite.localhost at 2025-09-05 17:30:17.112455
Config  : /home/ubuntuadmin/frappe-home/sites/mysite.localhost/private/backups/20250905_173007-mysite_localhost-site_config_backup.json 149.0B
Database: /home/ubuntuadmin/frappe-home/sites/mysite.localhost/private/backups/20250905_173007-mysite_localhost-database.sql.gz 1.7MiB
Backup for Site mysite.localhost has been successfully completed
set -o pipefail; /usr/bin/mariadb-dump --user=_5c1ca87b0f2ed585 --host=127.0.0.1 --port=3306 --password=********** --single-transaction --quick --lock-tables=false _5c1ca87b0f2ed585 | /usr/bin/gzip >> ./library.localhost/private/backups/20250907_173007-library_localhost-database.sql.gz

Backup Summary for library.localhost at 2025-09-07 17:30:11.746406
Config  : /home/ubuntuadmin/frappe-home/sites/library.localhost/private/backups/20250907_173007-library_localhost-site_config_backup.json 149.0B
Database: /home/ubuntuadmin/frappe-home/sites/library.localhost/private/backups/20250907_173007-library_localhost-database.sql.gz 235.2KiB
Backup for Site library.localhost has been successfully completed
File ./mysite.localhost/private/backups/20250904_173007-mysite_localhost-site_config_backup.json is older than 24 hours
File ./mysite.localhost/private/backups/20250905_173007-mysite_localhost-site_config_backup.json is older than 24 hours
File ./mysite.localhost/private/backups/20250904_173007-mysite_localhost-database.sql.gz is older than 24 hours
File ./mysite.localhost/private/backups/20250904_233006-mysite_localhost-site_config_backup.json is older than 24 hours
File ./mysite.localhost/private/backups/20250904_233006-mysite_localhost-database.sql.gz is older than 24 hours
File ./mysite.localhost/private/backups/20250905_173007-mysite_localhost-database.sql.gz is older than 24 hours
set -o pipefail; /usr/bin/mariadb-dump --user=_031256015f2c3ff7 --host=127.0.0.1 --port=3306 --password=********** --single-transaction --quick --lock-tables=false _031256015f2c3ff7 | /usr/bin/gzip >> ./mysite.localhost/private/backups/20250907_173012-mysite_localhost-database.sql.gz

Backup Summary for mysite.localhost at 2025-09-07 17:30:23.320834
Config  : /home/ubuntuadmin/frappe-home/sites/mysite.localhost/private/backups/20250907_173012-mysite_localhost-site_config_backup.json 149.0B
Database: /home/ubuntuadmin/frappe-home/sites/mysite.localhost/private/backups/20250907_173012-mysite_localhost-database.sql.gz 1.7MiB
Backup for Site mysite.localhost has been successfully completed
