2025-11-18 12:20:00,137 ERROR scheduler Skipped queueing frappe.integrations.doctype.google_calendar.google_calendar.sync because it was found in queue for library.localhost
2025-11-18 12:20:00,138 ERROR scheduler Skipped queueing frappe.desk.doctype.event.event.send_event_digest because it was found in queue for library.localhost
2025-11-18 12:20:00,139 ERROR scheduler Skipped queueing frappe.desk.page.backups.backups.delete_downloadable_backups because it was found in queue for library.localhost
2025-11-18 12:20:00,141 ERROR scheduler Skipped queueing frappe.desk.form.document_follow.send_hourly_updates because it was found in queue for library.localhost
2025-11-18 12:20:00,142 ERROR scheduler Skipped queueing frappe.email.doctype.notification.notification.trigger_offset_alerts because it was found in queue for library.localhost
2025-11-18 12:20:00,143 ERROR scheduler Skipped queueing frappe.search.sqlite_search.build_index_if_not_exists because it was found in queue for library.localhost
2025-11-18 12:20:00,144 ERROR scheduler Skipped queueing frappe.core.doctype.prepared_report.prepared_report.expire_stalled_report because it was found in queue for library.localhost
2025-11-18 12:20:00,145 ERROR scheduler Skipped queueing frappe.desk.notifications.clear_notifications because it was found in queue for library.localhost
2025-11-18 12:20:00,146 ERROR scheduler Skipped queueing frappe.website.doctype.personal_data_deletion_request.personal_data_deletion_request.process_data_deletion_request because it was found in queue for library.localhost
2025-11-18 12:20:00,147 ERROR scheduler Skipped queueing frappe.desk.doctype.changelog_feed.changelog_feed.fetch_changelog_feed because it was found in queue for library.localhost
2025-11-18 12:20:00,148 ERROR scheduler Skipped queueing frappe.utils.change_log.check_for_update because it was found in queue for library.localhost
2025-11-18 12:20:00,150 ERROR scheduler Skipped queueing frappe.core.doctype.log_settings.log_settings.run_log_clean_up because it was found in queue for library.localhost
2025-11-18 12:20:00,151 ERROR scheduler Skipped queueing frappe.core.doctype.user_invitation.user_invitation.mark_expired_invitations because it was found in queue for library.localhost
2025-11-18 12:20:00,152 ERROR scheduler Skipped queueing frappe.website.doctype.web_page.web_page.check_publish_status because it was found in queue for library.localhost
2025-11-18 12:20:00,154 ERROR scheduler Skipped queueing frappe.email.doctype.auto_email_report.auto_email_report.send_daily because it was found in queue for library.localhost
2025-11-18 12:20:00,155 ERROR scheduler Skipped queueing frappe.monitor.flush because it was found in queue for library.localhost
2025-11-18 12:20:00,157 ERROR scheduler Skipped queueing frappe.website.doctype.personal_data_deletion_request.personal_data_deletion_request.remove_unverified_record because it was found in queue for library.localhost
2025-11-18 12:20:00,158 ERROR scheduler Skipped queueing frappe.oauth.delete_oauth2_data because it was found in queue for library.localhost
2025-11-18 12:20:00,159 ERROR scheduler Skipped queueing frappe.desk.form.document_follow.send_daily_updates because it was found in queue for library.localhost
2025-11-18 12:20:00,160 ERROR scheduler Skipped queueing frappe.email.doctype.email_account.email_account.notify_unreplied because it was found in queue for library.localhost
2025-11-18 12:20:00,161 ERROR scheduler Skipped queueing frappe.email.doctype.auto_email_report.auto_email_report.send_monthly because it was found in queue for library.localhost
2025-11-18 12:20:00,162 ERROR scheduler Skipped queueing frappe.email.doctype.email_account.email_account.pull because it was found in queue for library.localhost
2025-11-18 12:20:00,164 ERROR scheduler Skipped queueing frappe.email.doctype.notification.notification.trigger_daily_alerts because it was found in queue for library.localhost
2025-11-18 12:20:00,165 ERROR scheduler Skipped queueing frappe.deferred_insert.save_to_db because it was found in queue for library.localhost
2025-11-18 12:20:00,166 ERROR scheduler Skipped queueing frappe.utils.global_search.sync_global_search because it was found in queue for library.localhost
2025-11-18 12:20:00,167 ERROR scheduler Skipped queueing frappe.automation.doctype.reminder.reminder.send_reminders because it was found in queue for library.localhost
2025-11-18 12:20:00,168 ERROR scheduler Skipped queueing frappe.email.queue.flush because it was found in queue for library.localhost
2025-11-18 12:20:00,169 ERROR scheduler Skipped queueing frappe.sessions.clear_expired_sessions because it was found in queue for library.localhost
2025-11-18 12:20:00,170 ERROR scheduler Skipped queueing frappe.desk.form.document_follow.send_weekly_updates because it was found in queue for library.localhost
2025-11-18 12:20:00,171 ERROR scheduler Skipped queueing frappe.automation.doctype.auto_repeat.auto_repeat.make_auto_repeat_entry because it was found in queue for library.localhost
2025-11-18 12:20:00,172 ERROR scheduler Skipped queueing frappe.twofactor.delete_all_barcodes_for_users because it was found in queue for library.localhost
2025-11-18 12:20:00,174 ERROR scheduler Skipped queueing frappe.email.queue.retry_sending_emails because it was found in queue for library.localhost
2025-11-18 12:20:00,175 ERROR scheduler Skipped queueing frappe.model.utils.link_count.update_link_count because it was found in queue for library.localhost
2025-11-18 12:20:00,176 ERROR scheduler Skipped queueing frappe.model.utils.user_settings.sync_user_settings because it was found in queue for library.localhost
2025-11-18 12:20:00,181 ERROR scheduler Skipped queueing frappe.email.doctype.notification.notification.trigger_offset_alerts because it was found in queue for mysite.localhost
2025-11-18 12:20:00,182 ERROR scheduler Skipped queueing frappe.desk.form.document_follow.send_daily_updates because it was found in queue for mysite.localhost
2025-11-18 12:20:00,183 ERROR scheduler Skipped queueing frappe.desk.page.backups.backups.delete_downloadable_backups because it was found in queue for mysite.localhost
2025-11-18 12:20:00,184 ERROR scheduler Skipped queueing frappe.website.doctype.personal_data_deletion_request.personal_data_deletion_request.process_data_deletion_request because it was found in queue for mysite.localhost
2025-11-18 12:20:00,185 ERROR scheduler Skipped queueing frappe.utils.global_search.sync_global_search because it was found in queue for mysite.localhost
2025-11-18 12:20:00,186 ERROR scheduler Skipped queueing erpnext.setup.doctype.email_digest.email_digest.send because it was found in queue for mysite.localhost
2025-11-18 12:20:00,187 ERROR scheduler Skipped queueing frappe.email.doctype.notification.notification.trigger_daily_alerts because it was found in queue for mysite.localhost
2025-11-18 12:20:00,188 ERROR scheduler Skipped queueing frappe.desk.doctype.changelog_feed.changelog_feed.fetch_changelog_feed because it was found in queue for mysite.localhost
2025-11-18 12:20:00,189 ERROR scheduler Skipped queueing frappe.model.utils.user_settings.sync_user_settings because it was found in queue for mysite.localhost
2025-11-18 12:20:00,190 ERROR scheduler Skipped queueing frappe.oauth.delete_oauth2_data because it was found in queue for mysite.localhost
2025-11-18 12:20:00,190 ERROR scheduler Skipped queueing frappe.core.doctype.log_settings.log_settings.run_log_clean_up because it was found in queue for mysite.localhost
2025-11-18 12:20:00,191 ERROR scheduler Skipped queueing erpnext.projects.doctype.project.project.update_project_sales_billing because it was found in queue for mysite.localhost
2025-11-18 12:20:00,192 ERROR scheduler Skipped queueing erpnext.crm.doctype.email_campaign.email_campaign.send_email_to_leads_or_contacts because it was found in queue for mysite.localhost
2025-11-18 12:20:00,193 ERROR scheduler Skipped queueing erpnext.erpnext_integrations.doctype.plaid_settings.plaid_settings.automatic_synchronization because it was found in queue for mysite.localhost
2025-11-18 12:20:00,194 ERROR scheduler Skipped queueing frappe.desk.form.document_follow.send_weekly_updates because it was found in queue for mysite.localhost
2025-11-18 12:20:00,195 ERROR scheduler Skipped queueing erpnext.accounts.doctype.process_statement_of_accounts.process_statement_of_accounts.send_auto_email because it was found in queue for mysite.localhost
2025-11-18 12:20:00,196 ERROR scheduler Skipped queueing frappe.integrations.doctype.google_calendar.google_calendar.sync because it was found in queue for mysite.localhost
2025-11-18 12:20:00,197 ERROR scheduler Skipped queueing erpnext.stock.doctype.repost_item_valuation.repost_item_valuation.repost_entries because it was found in queue for mysite.localhost
2025-11-18 12:20:00,198 ERROR scheduler Skipped queueing erpnext.stock.reorder_item.reorder_item because it was found in queue for mysite.localhost
2025-11-18 12:20:00,199 ERROR scheduler Skipped queueing frappe.monitor.flush because it was found in queue for mysite.localhost
2025-11-18 12:20:00,200 ERROR scheduler Skipped queueing erpnext.stock.doctype.serial_no.serial_no.update_maintenance_status because it was found in queue for mysite.localhost
2025-11-18 12:20:00,201 ERROR scheduler Skipped queueing erpnext.manufacturing.doctype.bom_update_tool.bom_update_tool.auto_update_latest_price_in_all_boms because it was found in queue for mysite.localhost
2025-11-18 12:20:00,202 ERROR scheduler Skipped queueing erpnext.accounts.doctype.process_subscription.process_subscription.create_subscription_process because it was found in queue for mysite.localhost
2025-11-18 12:20:00,203 ERROR scheduler Skipped queueing erpnext.manufacturing.doctype.bom_update_log.bom_update_log.resume_bom_cost_update_jobs because it was found in queue for mysite.localhost
2025-11-18 12:20:00,204 ERROR scheduler Skipped queueing frappe.email.queue.flush because it was found in queue for mysite.localhost
2025-11-18 12:20:00,205 ERROR scheduler Skipped queueing frappe.automation.doctype.auto_repeat.auto_repeat.make_auto_repeat_entry because it was found in queue for mysite.localhost
2025-11-18 12:20:00,206 ERROR scheduler Skipped queueing erpnext.setup.doctype.company.company.cache_companies_monthly_sales_history because it was found in queue for mysite.localhost
2025-11-18 12:20:00,207 ERROR scheduler Skipped queueing erpnext.projects.doctype.project.project.project_status_update_reminder because it was found in queue for mysite.localhost
2025-11-18 12:20:00,208 ERROR scheduler Skipped queueing erpnext.assets.doctype.asset.asset.update_maintenance_status because it was found in queue for mysite.localhost
2025-11-18 12:20:00,209 ERROR scheduler Skipped queueing erpnext.assets.doctype.asset.asset.make_post_gl_entry because it was found in queue for mysite.localhost
2025-11-18 12:20:00,210 ERROR scheduler Skipped queueing erpnext.buying.doctype.supplier_scorecard.supplier_scorecard.refresh_scorecards because it was found in queue for mysite.localhost
2025-11-18 12:20:00,211 ERROR scheduler Skipped queueing erpnext.buying.doctype.supplier_quotation.supplier_quotation.set_expired_status because it was found in queue for mysite.localhost
2025-11-18 12:20:00,212 ERROR scheduler Skipped queueing erpnext.assets.doctype.asset_maintenance_log.asset_maintenance_log.update_asset_maintenance_log_status because it was found in queue for mysite.localhost
2025-11-18 12:20:00,213 ERROR scheduler Skipped queueing frappe.email.doctype.auto_email_report.auto_email_report.send_monthly because it was found in queue for mysite.localhost
2025-11-18 12:20:00,214 ERROR scheduler Skipped queueing erpnext.crm.doctype.contract.contract.update_status_for_contracts because it was found in queue for mysite.localhost
2025-11-18 12:20:00,215 ERROR scheduler Skipped queueing frappe.search.sqlite_search.build_index_if_not_exists because it was found in queue for mysite.localhost
2025-11-18 12:20:00,216 ERROR scheduler Skipped queueing frappe.twofactor.delete_all_barcodes_for_users because it was found in queue for mysite.localhost
2025-11-18 12:20:00,217 ERROR scheduler Skipped queueing erpnext.crm.doctype.opportunity.opportunity.auto_close_opportunity because it was found in queue for mysite.localhost
2025-11-18 12:20:00,218 ERROR scheduler Skipped queueing erpnext.utilities.bulk_transaction.retry because it was found in queue for mysite.localhost
2025-11-18 12:20:00,219 ERROR scheduler Skipped queueing erpnext.accounts.deferred_revenue.process_deferred_accounting because it was found in queue for mysite.localhost
2025-11-18 12:20:00,219 ERROR scheduler Skipped queueing erpnext.crm.utils.open_leads_opportunities_based_on_todays_event because it was found in queue for mysite.localhost
2025-11-18 12:20:00,220 ERROR scheduler Skipped queueing frappe.website.doctype.web_page.web_page.check_publish_status because it was found in queue for mysite.localhost
2025-11-18 12:20:00,221 ERROR scheduler Skipped queueing frappe.desk.form.document_follow.send_hourly_updates because it was found in queue for mysite.localhost
2025-11-18 12:20:00,222 ERROR scheduler Skipped queueing erpnext.projects.doctype.project.project.collect_project_status because it was found in queue for mysite.localhost
2025-11-18 12:20:00,223 ERROR scheduler Skipped queueing erpnext.utilities.doctype.video.video.update_youtube_data because it was found in queue for mysite.localhost
2025-11-18 12:20:00,224 ERROR scheduler Skipped queueing erpnext.projects.doctype.task.task.set_tasks_as_overdue because it was found in queue for mysite.localhost
2025-11-18 12:20:00,225 ERROR scheduler Skipped queueing erpnext.projects.doctype.project.project.send_project_status_email_to_users because it was found in queue for mysite.localhost
2025-11-18 12:20:00,226 ERROR scheduler Skipped queueing erpnext.accounts.utils.auto_create_exchange_rate_revaluation_daily because it was found in queue for mysite.localhost
2025-11-18 12:20:00,227 ERROR scheduler Skipped queueing erpnext.accounts.doctype.fiscal_year.fiscal_year.auto_create_fiscal_year because it was found in queue for mysite.localhost
2025-11-18 12:20:00,228 ERROR scheduler Skipped queueing frappe.website.doctype.personal_data_deletion_request.personal_data_deletion_request.remove_unverified_record because it was found in queue for mysite.localhost
2025-11-18 12:20:00,229 ERROR scheduler Skipped queueing erpnext.accounts.utils.auto_create_exchange_rate_revaluation_monthly because it was found in queue for mysite.localhost
2025-11-18 12:20:00,230 ERROR scheduler Skipped queueing erpnext.selling.doctype.quotation.quotation.set_expired_status because it was found in queue for mysite.localhost
2025-11-18 12:20:00,231 ERROR scheduler Skipped queueing frappe.model.utils.link_count.update_link_count because it was found in queue for mysite.localhost
2025-11-18 12:20:00,232 ERROR scheduler Skipped queueing frappe.sessions.clear_expired_sessions because it was found in queue for mysite.localhost
2025-11-18 12:20:00,233 ERROR scheduler Skipped queueing erpnext.controllers.accounts_controller.update_invoice_status because it was found in queue for mysite.localhost
2025-11-18 12:20:00,234 ERROR scheduler Skipped queueing erpnext.accounts.utils.run_ledger_health_checks because it was found in queue for mysite.localhost
2025-11-18 12:20:00,235 ERROR scheduler Skipped queueing frappe.email.doctype.auto_email_report.auto_email_report.send_daily because it was found in queue for mysite.localhost
2025-11-18 12:20:00,236 ERROR scheduler Skipped queueing erpnext.support.doctype.issue.issue.auto_close_tickets because it was found in queue for mysite.localhost
2025-11-18 12:20:00,237 ERROR scheduler Skipped queueing frappe.desk.notifications.clear_notifications because it was found in queue for mysite.localhost
2025-11-18 12:20:00,238 ERROR scheduler Skipped queueing erpnext.assets.doctype.asset.depreciation.post_depreciation_entries because it was found in queue for mysite.localhost
2025-11-18 12:20:00,239 ERROR scheduler Skipped queueing frappe.email.queue.retry_sending_emails because it was found in queue for mysite.localhost
2025-11-18 12:20:00,240 ERROR scheduler Skipped queueing frappe.email.doctype.email_account.email_account.notify_unreplied because it was found in queue for mysite.localhost
2025-11-18 12:20:00,241 ERROR scheduler Skipped queueing frappe.utils.change_log.check_for_update because it was found in queue for mysite.localhost
2025-11-18 12:20:00,242 ERROR scheduler Skipped queueing erpnext.accounts.doctype.gl_entry.gl_entry.rename_gle_sle_docs because it was found in queue for mysite.localhost
2025-11-18 12:20:00,243 ERROR scheduler Skipped queueing erpnext.quality_management.doctype.quality_review.quality_review.review because it was found in queue for mysite.localhost
2025-11-18 12:20:00,244 ERROR scheduler Skipped queueing frappe.core.doctype.prepared_report.prepared_report.expire_stalled_report because it was found in queue for mysite.localhost
2025-11-18 12:20:00,245 ERROR scheduler Skipped queueing erpnext.support.doctype.service_level_agreement.service_level_agreement.check_agreement_status because it was found in queue for mysite.localhost
2025-11-18 12:20:00,246 ERROR scheduler Skipped queueing erpnext.projects.doctype.project.project.hourly_reminder because it was found in queue for mysite.localhost
2025-11-18 12:20:00,247 ERROR scheduler Skipped queueing frappe.core.doctype.user_invitation.user_invitation.mark_expired_invitations because it was found in queue for mysite.localhost
2025-11-18 12:20:00,248 ERROR scheduler Skipped queueing frappe.email.doctype.email_account.email_account.pull because it was found in queue for mysite.localhost
2025-11-18 12:20:00,249 ERROR scheduler Skipped queueing frappe.automation.doctype.reminder.reminder.send_reminders because it was found in queue for mysite.localhost
2025-11-18 12:32:00,368 ERROR scheduler Skipped queueing frappe.website.doctype.personal_data_deletion_request.personal_data_deletion_request.process_data_deletion_request because it was found in queue for library.localhost
2025-11-18 12:32:00,371 ERROR scheduler Skipped queueing frappe.twofactor.delete_all_barcodes_for_users because it was found in queue for library.localhost
2025-11-18 12:32:00,372 ERROR scheduler Skipped queueing frappe.desk.page.backups.backups.delete_downloadable_backups because it was found in queue for library.localhost
2025-11-18 12:32:00,374 ERROR scheduler Skipped queueing frappe.website.doctype.web_page.web_page.check_publish_status because it was found in queue for library.localhost
2025-11-18 12:32:00,375 ERROR scheduler Skipped queueing frappe.desk.form.document_follow.send_hourly_updates because it was found in queue for library.localhost
2025-11-18 12:32:00,377 ERROR scheduler Skipped queueing frappe.core.doctype.prepared_report.prepared_report.expire_stalled_report because it was found in queue for library.localhost
2025-11-18 12:32:00,378 ERROR scheduler Skipped queueing frappe.model.utils.user_settings.sync_user_settings because it was found in queue for library.localhost
2025-11-18 12:32:00,384 ERROR scheduler Skipped queueing frappe.search.sqlite_search.build_index_if_not_exists because it was found in queue for mysite.localhost
2025-11-18 12:32:00,385 ERROR scheduler Skipped queueing frappe.model.utils.user_settings.sync_user_settings because it was found in queue for mysite.localhost
2025-11-18 12:32:00,386 ERROR scheduler Skipped queueing erpnext.stock.doctype.repost_item_valuation.repost_item_valuation.repost_entries because it was found in queue for mysite.localhost
2025-11-18 12:32:00,389 ERROR scheduler Skipped queueing frappe.automation.doctype.reminder.reminder.send_reminders because it was found in queue for mysite.localhost
2025-11-18 12:32:00,392 ERROR scheduler Skipped queueing frappe.twofactor.delete_all_barcodes_for_users because it was found in queue for mysite.localhost
2025-11-18 12:32:00,394 ERROR scheduler Skipped queueing erpnext.projects.doctype.project.project.project_status_update_reminder because it was found in queue for mysite.localhost
2025-11-18 12:32:00,395 ERROR scheduler Skipped queueing frappe.desk.form.document_follow.send_hourly_updates because it was found in queue for mysite.localhost
2025-11-18 12:32:00,397 ERROR scheduler Skipped queueing frappe.monitor.flush because it was found in queue for mysite.localhost
2025-11-18 12:32:00,399 ERROR scheduler Skipped queueing erpnext.projects.doctype.project.project.hourly_reminder because it was found in queue for mysite.localhost
2025-11-18 12:32:00,400 ERROR scheduler Skipped queueing erpnext.erpnext_integrations.doctype.plaid_settings.plaid_settings.automatic_synchronization because it was found in queue for mysite.localhost
2025-11-18 12:32:00,402 ERROR scheduler Skipped queueing frappe.core.doctype.prepared_report.prepared_report.expire_stalled_report because it was found in queue for mysite.localhost
2025-11-18 12:32:00,404 ERROR scheduler Skipped queueing erpnext.projects.doctype.project.project.collect_project_status because it was found in queue for mysite.localhost
2025-11-18 12:32:00,405 ERROR scheduler Skipped queueing frappe.utils.global_search.sync_global_search because it was found in queue for mysite.localhost
2025-11-18 12:32:00,406 ERROR scheduler Skipped queueing frappe.deferred_insert.save_to_db because it was found in queue for mysite.localhost
2025-11-18 12:32:00,407 ERROR scheduler Skipped queueing frappe.email.doctype.email_account.email_account.pull because it was found in queue for mysite.localhost
2025-11-18 12:32:00,409 ERROR scheduler Skipped queueing frappe.website.doctype.web_page.web_page.check_publish_status because it was found in queue for mysite.localhost
2025-11-18 12:32:00,410 ERROR scheduler Skipped queueing frappe.oauth.delete_oauth2_data because it was found in queue for mysite.localhost
2025-11-18 12:32:00,412 ERROR scheduler Skipped queueing frappe.desk.page.backups.backups.delete_downloadable_backups because it was found in queue for mysite.localhost
2025-11-18 12:32:00,414 ERROR scheduler Skipped queueing frappe.email.queue.flush because it was found in queue for mysite.localhost
2025-11-18 12:32:00,415 ERROR scheduler Skipped queueing frappe.email.queue.retry_sending_emails because it was found in queue for mysite.localhost
2025-11-18 12:32:00,417 ERROR scheduler Skipped queueing erpnext.utilities.doctype.video.video.update_youtube_data because it was found in queue for mysite.localhost
2025-11-18 12:32:00,419 ERROR scheduler Skipped queueing erpnext.utilities.bulk_transaction.retry because it was found in queue for mysite.localhost
2025-11-18 12:32:00,420 ERROR scheduler Skipped queueing frappe.website.doctype.personal_data_deletion_request.personal_data_deletion_request.process_data_deletion_request because it was found in queue for mysite.localhost
2025-11-18 12:32:00,421 ERROR scheduler Skipped queueing frappe.model.utils.link_count.update_link_count because it was found in queue for mysite.localhost
2025-11-18 12:48:00,630 ERROR scheduler Skipped queueing frappe.model.utils.link_count.update_link_count because it was found in queue for mysite.localhost
2025-11-18 12:48:00,633 ERROR scheduler Skipped queueing frappe.email.queue.flush because it was found in queue for mysite.localhost
2025-11-18 12:48:00,635 ERROR scheduler Skipped queueing frappe.automation.doctype.reminder.reminder.send_reminders because it was found in queue for mysite.localhost
2025-11-18 12:48:00,637 ERROR scheduler Skipped queueing frappe.utils.global_search.sync_global_search because it was found in queue for mysite.localhost
2025-11-18 12:48:00,640 ERROR scheduler Skipped queueing frappe.monitor.flush because it was found in queue for mysite.localhost
2025-11-18 12:48:00,641 ERROR scheduler Skipped queueing frappe.email.doctype.email_account.email_account.notify_unreplied because it was found in queue for mysite.localhost
2025-11-18 12:48:00,643 ERROR scheduler Skipped queueing frappe.search.sqlite_search.build_index_if_not_exists because it was found in queue for mysite.localhost
2025-11-18 12:48:00,646 ERROR scheduler Skipped queueing frappe.email.doctype.notification.notification.trigger_offset_alerts because it was found in queue for mysite.localhost
2025-11-18 12:48:00,649 ERROR scheduler Skipped queueing frappe.integrations.doctype.google_calendar.google_calendar.sync because it was found in queue for mysite.localhost
2025-11-18 12:48:00,650 ERROR scheduler Skipped queueing erpnext.manufacturing.doctype.bom_update_log.bom_update_log.resume_bom_cost_update_jobs because it was found in queue for mysite.localhost
2025-11-18 13:12:00,100 ERROR scheduler Skipped queueing frappe.email.doctype.email_account.email_account.pull because it was found in queue for mysite.localhost
2025-11-18 13:12:00,115 ERROR scheduler Skipped queueing frappe.email.queue.retry_sending_emails because it was found in queue for library.localhost
2025-11-18 13:12:00,117 ERROR scheduler Skipped queueing frappe.email.queue.flush because it was found in queue for library.localhost
2025-11-18 13:12:00,119 ERROR scheduler Skipped queueing frappe.monitor.flush because it was found in queue for library.localhost
2025-11-18 13:12:00,126 ERROR scheduler Skipped queueing frappe.email.doctype.email_account.email_account.pull because it was found in queue for library.localhost
2025-11-18 13:12:00,132 ERROR scheduler Skipped queueing frappe.email.doctype.notification.notification.trigger_offset_alerts because it was found in queue for library.localhost
2025-11-18 13:12:00,135 ERROR scheduler Skipped queueing frappe.integrations.doctype.google_calendar.google_calendar.sync because it was found in queue for library.localhost
2025-11-18 13:16:00,677 ERROR scheduler Skipped queueing frappe.email.doctype.email_account.email_account.notify_unreplied because it was found in queue for library.localhost
2025-11-18 13:16:00,679 ERROR scheduler Skipped queueing frappe.email.doctype.notification.notification.trigger_offset_alerts because it was found in queue for library.localhost
2025-11-18 13:16:00,682 ERROR scheduler Skipped queueing frappe.automation.doctype.reminder.reminder.send_reminders because it was found in queue for library.localhost
2025-11-18 13:16:00,683 ERROR scheduler Skipped queueing frappe.email.queue.flush because it was found in queue for library.localhost
2025-11-18 13:16:00,685 ERROR scheduler Skipped queueing frappe.monitor.flush because it was found in queue for library.localhost
2025-11-18 13:16:00,688 ERROR scheduler Skipped queueing frappe.model.utils.link_count.update_link_count because it was found in queue for library.localhost
