2025-11-18 12:20:00,137 ERROR scheduler Skipped queueing frappe.integrations.doctype.google_calendar.google_calendar.sync because it was found in queue for library.localhost
2025-11-18 12:20:00,138 ERROR scheduler Skipped queueing frappe.desk.doctype.event.event.send_event_digest because it was found in queue for library.localhost
2025-11-18 12:20:00,139 ERROR scheduler Skipped queueing frappe.desk.page.backups.backups.delete_downloadable_backups because it was found in queue for library.localhost
2025-11-18 12:20:00,141 ERROR scheduler Skipped queueing frappe.desk.form.document_follow.send_hourly_updates because it was found in queue for library.localhost
2025-11-18 12:20:00,142 ERROR scheduler Skipped queueing frappe.email.doctype.notification.notification.trigger_offset_alerts because it was found in queue for library.localhost
2025-11-18 12:20:00,143 ERROR scheduler Skipped queueing frappe.search.sqlite_search.build_index_if_not_exists because it was found in queue for library.localhost
2025-11-18 12:20:00,144 ERROR scheduler Skipped queueing frappe.core.doctype.prepared_report.prepared_report.expire_stalled_report because it was found in queue for library.localhost
2025-11-18 12:20:00,145 ERROR scheduler Skipped queueing frappe.desk.notifications.clear_notifications because it was found in queue for library.localhost
2025-11-18 12:20:00,146 ERROR scheduler Skipped queueing frappe.website.doctype.personal_data_deletion_request.personal_data_deletion_request.process_data_deletion_request because it was found in queue for library.localhost
2025-11-18 12:20:00,147 ERROR scheduler Skipped queueing frappe.desk.doctype.changelog_feed.changelog_feed.fetch_changelog_feed because it was found in queue for library.localhost
2025-11-18 12:20:00,148 ERROR scheduler Skipped queueing frappe.utils.change_log.check_for_update because it was found in queue for library.localhost
2025-11-18 12:20:00,150 ERROR scheduler Skipped queueing frappe.core.doctype.log_settings.log_settings.run_log_clean_up because it was found in queue for library.localhost
2025-11-18 12:20:00,151 ERROR scheduler Skipped queueing frappe.core.doctype.user_invitation.user_invitation.mark_expired_invitations because it was found in queue for library.localhost
2025-11-18 12:20:00,152 ERROR scheduler Skipped queueing frappe.website.doctype.web_page.web_page.check_publish_status because it was found in queue for library.localhost
2025-11-18 12:20:00,154 ERROR scheduler Skipped queueing frappe.email.doctype.auto_email_report.auto_email_report.send_daily because it was found in queue for library.localhost
2025-11-18 12:20:00,155 ERROR scheduler Skipped queueing frappe.monitor.flush because it was found in queue for library.localhost
2025-11-18 12:20:00,157 ERROR scheduler Skipped queueing frappe.website.doctype.personal_data_deletion_request.personal_data_deletion_request.remove_unverified_record because it was found in queue for library.localhost
2025-11-18 12:20:00,158 ERROR scheduler Skipped queueing frappe.oauth.delete_oauth2_data because it was found in queue for library.localhost
2025-11-18 12:20:00,159 ERROR scheduler Skipped queueing frappe.desk.form.document_follow.send_daily_updates because it was found in queue for library.localhost
2025-11-18 12:20:00,160 ERROR scheduler Skipped queueing frappe.email.doctype.email_account.email_account.notify_unreplied because it was found in queue for library.localhost
2025-11-18 12:20:00,161 ERROR scheduler Skipped queueing frappe.email.doctype.auto_email_report.auto_email_report.send_monthly because it was found in queue for library.localhost
2025-11-18 12:20:00,162 ERROR scheduler Skipped queueing frappe.email.doctype.email_account.email_account.pull because it was found in queue for library.localhost
2025-11-18 12:20:00,164 ERROR scheduler Skipped queueing frappe.email.doctype.notification.notification.trigger_daily_alerts because it was found in queue for library.localhost
2025-11-18 12:20:00,165 ERROR scheduler Skipped queueing frappe.deferred_insert.save_to_db because it was found in queue for library.localhost
2025-11-18 12:20:00,166 ERROR scheduler Skipped queueing frappe.utils.global_search.sync_global_search because it was found in queue for library.localhost
2025-11-18 12:20:00,167 ERROR scheduler Skipped queueing frappe.automation.doctype.reminder.reminder.send_reminders because it was found in queue for library.localhost
2025-11-18 12:20:00,168 ERROR scheduler Skipped queueing frappe.email.queue.flush because it was found in queue for library.localhost
2025-11-18 12:20:00,169 ERROR scheduler Skipped queueing frappe.sessions.clear_expired_sessions because it was found in queue for library.localhost
2025-11-18 12:20:00,170 ERROR scheduler Skipped queueing frappe.desk.form.document_follow.send_weekly_updates because it was found in queue for library.localhost
2025-11-18 12:20:00,171 ERROR scheduler Skipped queueing frappe.automation.doctype.auto_repeat.auto_repeat.make_auto_repeat_entry because it was found in queue for library.localhost
2025-11-18 12:20:00,172 ERROR scheduler Skipped queueing frappe.twofactor.delete_all_barcodes_for_users because it was found in queue for library.localhost
2025-11-18 12:20:00,174 ERROR scheduler Skipped queueing frappe.email.queue.retry_sending_emails because it was found in queue for library.localhost
2025-11-18 12:20:00,175 ERROR scheduler Skipped queueing frappe.model.utils.link_count.update_link_count because it was found in queue for library.localhost
2025-11-18 12:20:00,176 ERROR scheduler Skipped queueing frappe.model.utils.user_settings.sync_user_settings because it was found in queue for library.localhost
2025-11-18 12:32:00,368 ERROR scheduler Skipped queueing frappe.website.doctype.personal_data_deletion_request.personal_data_deletion_request.process_data_deletion_request because it was found in queue for library.localhost
2025-11-18 12:32:00,371 ERROR scheduler Skipped queueing frappe.twofactor.delete_all_barcodes_for_users because it was found in queue for library.localhost
2025-11-18 12:32:00,372 ERROR scheduler Skipped queueing frappe.desk.page.backups.backups.delete_downloadable_backups because it was found in queue for library.localhost
2025-11-18 12:32:00,374 ERROR scheduler Skipped queueing frappe.website.doctype.web_page.web_page.check_publish_status because it was found in queue for library.localhost
2025-11-18 12:32:00,375 ERROR scheduler Skipped queueing frappe.desk.form.document_follow.send_hourly_updates because it was found in queue for library.localhost
2025-11-18 12:32:00,377 ERROR scheduler Skipped queueing frappe.core.doctype.prepared_report.prepared_report.expire_stalled_report because it was found in queue for library.localhost
2025-11-18 12:32:00,378 ERROR scheduler Skipped queueing frappe.model.utils.user_settings.sync_user_settings because it was found in queue for library.localhost
2025-11-18 13:12:00,115 ERROR scheduler Skipped queueing frappe.email.queue.retry_sending_emails because it was found in queue for library.localhost
2025-11-18 13:12:00,117 ERROR scheduler Skipped queueing frappe.email.queue.flush because it was found in queue for library.localhost
2025-11-18 13:12:00,119 ERROR scheduler Skipped queueing frappe.monitor.flush because it was found in queue for library.localhost
2025-11-18 13:12:00,126 ERROR scheduler Skipped queueing frappe.email.doctype.email_account.email_account.pull because it was found in queue for library.localhost
2025-11-18 13:12:00,132 ERROR scheduler Skipped queueing frappe.email.doctype.notification.notification.trigger_offset_alerts because it was found in queue for library.localhost
2025-11-18 13:12:00,135 ERROR scheduler Skipped queueing frappe.integrations.doctype.google_calendar.google_calendar.sync because it was found in queue for library.localhost
2025-11-18 13:16:00,677 ERROR scheduler Skipped queueing frappe.email.doctype.email_account.email_account.notify_unreplied because it was found in queue for library.localhost
2025-11-18 13:16:00,679 ERROR scheduler Skipped queueing frappe.email.doctype.notification.notification.trigger_offset_alerts because it was found in queue for library.localhost
2025-11-18 13:16:00,682 ERROR scheduler Skipped queueing frappe.automation.doctype.reminder.reminder.send_reminders because it was found in queue for library.localhost
2025-11-18 13:16:00,683 ERROR scheduler Skipped queueing frappe.email.queue.flush because it was found in queue for library.localhost
2025-11-18 13:16:00,685 ERROR scheduler Skipped queueing frappe.monitor.flush because it was found in queue for library.localhost
2025-11-18 13:16:00,688 ERROR scheduler Skipped queueing frappe.model.utils.link_count.update_link_count because it was found in queue for library.localhost
